TN:
SF:/home/labber/scheduler/src/components/Application.js
FN:16,Application
FN:28,(anonymous_1)
FNF:2
FNH:2
FNDA:8,Application
FNDA:10,(anonymous_1)
DA:22,8
DA:24,8
DA:26,8
DA:29,10
DA:42,8
LF:5
LH:5
BRF:0
BRH:0
end_of_record
TN:
SF:/home/labber/scheduler/src/components/Button.js
FN:7,Button
FNF:1
FNH:1
FNDA:47,Button
DA:8,47
DA:13,47
LF:2
LH:2
BRF:0
BRH:0
end_of_record
TN:
SF:/home/labber/scheduler/src/components/DayList.js
FN:5,DayList
FN:6,(anonymous_1)
FNF:2
FNH:2
FNDA:8,DayList
FNDA:10,(anonymous_1)
DA:6,8
DA:7,10
DA:18,8
LF:3
LH:3
BRF:0
BRH:0
end_of_record
TN:
SF:/home/labber/scheduler/src/components/DayListItem.js
FN:6,formatSpots
FN:13,DayListItem
FN:22,(anonymous_2)
FNF:3
FNH:3
FNDA:10,formatSpots
FNDA:10,DayListItem
FNDA:1,(anonymous_2)
DA:7,10
DA:8,9
DA:10,0
DA:14,10
DA:19,10
DA:22,1
LF:6
LH:5
BRDA:7,0,0,1
BRDA:7,0,1,9
BRDA:8,1,0,9
BRDA:8,1,1,0
BRF:4
BRH:3
end_of_record
TN:
SF:/home/labber/scheduler/src/components/InterviewerList.js
FN:8,InterviewerList
FN:9,(anonymous_1)
FN:17,(anonymous_2)
FNF:3
FNH:3
FNDA:23,InterviewerList
FNDA:32,(anonymous_1)
FNDA:1,(anonymous_2)
DA:9,23
DA:10,32
DA:17,1
DA:22,23
DA:30,3
LF:5
LH:5
BRF:0
BRH:0
end_of_record
TN:
SF:/home/labber/scheduler/src/components/InterviewerListItem.js
FN:6,InterviewerItem
FNF:1
FNH:1
FNDA:32,InterviewerItem
DA:7,32
DA:11,32
LF:2
LH:2
BRDA:18,0,0,32
BRDA:18,0,1,6
BRF:2
BRH:2
end_of_record
TN:
SF:/home/labber/scheduler/src/components/Appointment/Confirm.js
FN:5,Confirm
FNF:1
FNH:0
FNDA:0,Confirm
DA:6,0
LF:1
LH:0
BRF:0
BRH:0
end_of_record
TN:
SF:/home/labber/scheduler/src/components/Appointment/Empty.js
FN:3,Empty
FNF:1
FNH:1
FNDA:13,Empty
DA:4,13
LF:1
LH:1
BRF:0
BRH:0
end_of_record
TN:
SF:/home/labber/scheduler/src/components/Appointment/Error.js
FN:3,Error
FNF:1
FNH:0
FNDA:0,Error
DA:4,0
LF:1
LH:0
BRF:0
BRH:0
end_of_record
TN:
SF:/home/labber/scheduler/src/components/Appointment/Form.js
FN:6,Form
FN:12,reset
FN:18,cancel
FN:23,validate
FN:41,(anonymous_4)
FN:48,(anonymous_5)
FNF:6
FNH:5
FNDA:23,Form
FNDA:1,reset
FNDA:1,cancel
FNDA:6,validate
FNDA:0,(anonymous_4)
FNDA:3,(anonymous_5)
DA:8,23
DA:9,23
DA:10,23
DA:13,1
DA:14,1
DA:15,1
DA:19,1
DA:20,1
DA:24,6
DA:25,2
DA:26,2
DA:29,4
DA:30,2
DA:31,2
DA:34,2
DA:35,2
DA:38,23
DA:41,0
DA:49,3
LF:19
LH:18
BRDA:8,0,0,23
BRDA:8,0,1,10
BRDA:9,1,0,23
BRDA:9,1,1,13
BRDA:24,2,0,2
BRDA:24,2,1,4
BRDA:29,3,0,2
BRDA:29,3,1,2
BRF:8
BRH:8
end_of_record
TN:
SF:/home/labber/scheduler/src/components/Appointment/Header.js
FN:3,Header
FNF:1
FNH:1
FNDA:22,Header
DA:4,22
LF:1
LH:1
BRF:0
BRH:0
end_of_record
TN:
SF:/home/labber/scheduler/src/components/Appointment/Show.js
FN:3,Show
FNF:1
FNH:0
FNDA:0,Show
DA:4,0
LF:1
LH:0
BRDA:11,0,0,0
BRDA:11,0,1,0
BRF:2
BRH:0
end_of_record
TN:
SF:/home/labber/scheduler/src/components/Appointment/Status.js
FN:3,Status
FNF:1
FNH:1
FNDA:2,Status
DA:4,2
LF:1
LH:1
BRF:0
BRH:0
end_of_record
TN:
SF:/home/labber/scheduler/src/components/Appointment/index.js
FN:26,Appointment
FN:32,(anonymous_1)
FN:45,(anonymous_2)
FN:46,(anonymous_3)
FN:52,(anonymous_4)
FN:56,(anonymous_5)
FN:57,(anonymous_6)
FN:74,(anonymous_7)
FNF:8
FNH:4
FNDA:27,Appointment
FNDA:1,(anonymous_1)
FNDA:1,(anonymous_2)
FNDA:0,(anonymous_3)
FNDA:0,(anonymous_4)
FNDA:0,(anonymous_5)
FNDA:0,(anonymous_6)
FNDA:1,(anonymous_7)
DA:15,2
DA:16,2
DA:17,2
DA:18,2
DA:19,2
DA:20,2
DA:21,2
DA:22,2
DA:23,2
DA:28,27
DA:32,27
DA:34,1
DA:36,1
DA:41,1
DA:43,1
DA:45,1
DA:46,0
DA:49,27
DA:52,27
DA:53,0
DA:54,0
DA:56,0
DA:57,0
DA:60,27
DA:74,1
LF:25
LH:20
BRDA:29,0,0,12
BRDA:29,0,1,15
BRDA:34,1,0,0
BRDA:34,1,1,1
BRDA:65,2,0,27
BRDA:65,2,1,5
BRDA:65,2,2,5
BRDA:73,3,0,27
BRDA:73,3,1,13
BRDA:76,4,0,27
BRDA:76,4,1,1
BRDA:82,5,0,27
BRDA:82,5,1,6
BRDA:90,6,0,27
BRDA:90,6,1,0
BRDA:91,7,0,27
BRDA:91,7,1,2
BRDA:92,8,0,27
BRDA:92,8,1,0
BRDA:99,9,0,27
BRDA:99,9,1,0
BRDA:101,10,0,27
BRDA:101,10,1,0
BRF:23
BRH:18
end_of_record
TN:
SF:/home/labber/scheduler/src/helpers/selectors.js
FN:1,getAppointmentsForDay
FN:3,(anonymous_1)
FN:7,(anonymous_2)
FN:10,getInterviewersForDay
FN:11,(anonymous_4)
FN:15,(anonymous_5)
FN:18,getInterview
FNF:7
FNH:7
FNDA:13,getAppointmentsForDay
FNDA:12,(anonymous_1)
FNDA:18,(anonymous_2)
FNDA:13,getInterviewersForDay
FNDA:12,(anonymous_4)
FNDA:16,(anonymous_5)
FNDA:12,getInterview
DA:3,13
DA:5,13
DA:7,18
DA:11,13
DA:13,13
DA:15,16
DA:19,12
LF:7
LH:7
BRDA:5,0,0,5
BRDA:5,0,1,8
BRDA:5,1,0,13
BRDA:5,1,1,9
BRDA:13,2,0,5
BRDA:13,2,1,8
BRDA:13,3,0,13
BRDA:13,3,1,9
BRDA:20,4,0,12
BRDA:20,4,1,7
BRF:10
BRH:10
end_of_record
TN:
SF:/home/labber/scheduler/src/hooks/useApplicationData.js
FN:13,useApplicationData
FN:21,(anonymous_1)
FN:23,(anonymous_2)
FN:29,(anonymous_3)
FN:41,bookInterview
FN:42,(anonymous_5)
FN:52,cancelInterview
FN:53,(anonymous_7)
FNF:8
FNH:6
FNDA:8,useApplicationData
FNDA:1,(anonymous_1)
FNDA:3,(anonymous_2)
FNDA:3,(anonymous_3)
FNDA:1,bookInterview
FNDA:1,(anonymous_5)
FNDA:0,cancelInterview
FNDA:0,(anonymous_7)
DA:14,8
DA:21,8
DA:23,8
DA:24,3
DA:30,3
DA:39,8
DA:42,1
DA:43,1
DA:44,1
DA:53,0
DA:54,0
DA:62,8
LF:12
LH:10
BRF:0
BRH:0
end_of_record
TN:
SF:/home/labber/scheduler/src/hooks/useRealtimeUpdate.js
FN:4,useRealtimeUpdate
FN:5,(anonymous_1)
FN:8,(anonymous_2)
FN:16,(anonymous_3)
FNF:4
FNH:3
FNDA:8,useRealtimeUpdate
FNDA:3,(anonymous_1)
FNDA:0,(anonymous_2)
FNDA:3,(anonymous_3)
DA:5,8
DA:6,3
DA:8,3
DA:9,0
DA:11,0
DA:12,0
DA:16,3
DA:17,3
LF:8
LH:5
BRDA:11,0,0,0
BRDA:11,0,1,0
BRDA:11,1,0,0
BRDA:11,1,1,0
BRF:4
BRH:0
end_of_record
TN:
SF:/home/labber/scheduler/src/hooks/useVisualMode.js
FN:3,useVisualMode
FN:6,(anonymous_1)
FN:11,(anonymous_2)
FN:15,(anonymous_3)
FN:17,(anonymous_4)
FNF:5
FNH:5
FNDA:36,useVisualMode
FNDA:16,(anonymous_1)
FNDA:16,(anonymous_2)
FNDA:3,(anonymous_3)
FNDA:2,(anonymous_4)
DA:4,36
DA:6,36
DA:10,16
DA:11,16
DA:13,16
DA:15,36
DA:16,3
DA:17,2
DA:21,36
LF:9
LH:9
BRDA:6,0,0,16
BRDA:10,1,0,16
BRDA:10,1,1,0
BRDA:16,2,0,2
BRDA:16,2,1,1
BRF:5
BRH:4
end_of_record
TN:
SF:/home/labber/scheduler/src/reducers/application.js
FN:5,reducer
FN:27,(anonymous_1)
FN:30,(anonymous_2)
FN:34,(anonymous_3)
FNF:4
FNH:4
FNDA:6,reducer
FNDA:1,(anonymous_1)
FNDA:2,(anonymous_2)
FNDA:2,(anonymous_3)
DA:1,2
DA:2,2
DA:3,2
DA:6,6
DA:8,1
DA:10,3
DA:17,1
DA:22,1
DA:27,1
DA:28,1
DA:30,2
DA:34,1
DA:35,2
DA:43,1
DA:50,1
LF:15
LH:15
BRDA:6,0,0,1
BRDA:6,0,1,3
BRDA:6,0,2,1
BRDA:6,0,3,1
BRDA:19,1,0,1
BRDA:19,1,1,1
BRDA:30,2,0,2
BRDA:30,2,1,0
BRDA:35,3,0,1
BRDA:35,3,1,1
BRF:10
BRH:9
end_of_record
